<?xml version="1.0" encoding="UTF-8"?>
<!-- Generated by org.testng.reporters.JUnitXMLReporter -->
<testsuite hostname="Maulik-PC" name="Trash Test" tests="1" failures="1" timestamp="30 Sep 2015 23:38:09 GMT" time="21.205" errors="0">
  <testcase name="trashEmail" time="21.198" classname="testcases.TrashTestCase">
    <failure type="org.openqa.selenium.ElementNotVisibleException" message="Element is not currently visible and so may not be interacted with
Command duration or timeout: 20.22 seconds
Build info: version: &amp;apos;2.47.1&amp;apos;, revision: &amp;apos;411b314&amp;apos;, time: &amp;apos;2015-07-30 02:56:46&amp;apos;
System info: host: &amp;apos;Maulik-PC&amp;apos;, ip: &amp;apos;10.20.0.31&amp;apos;, os.name: &amp;apos;Windows 7&amp;apos;, os.arch: &amp;apos;amd64&amp;apos;, os.version: &amp;apos;6.1&amp;apos;, java.version: &amp;apos;1.7.0_75&amp;apos;
Session ID: f3b8e123-9799-447d-b574-a5f3a8cd5171
Driver info: org.openqa.selenium.firefox.FirefoxDriver
Capabilities [{platform=WINDOWS, acceptSslCerts=true, javascriptEnabled=true, cssSelectorsEnabled=true, databaseEnabled=true, browserName=firefox, handlesAlerts=true, nativeEvents=false, webStorageEnabled=true, rotatable=false, locationContextEnabled=true, applicationCacheEnabled=true, takesScreenshot=true, version=40.0.3}]">
      <![CDATA[org.openqa.selenium.ElementNotVisibleException: Element is not currently visible and so may not be interacted with
Command duration or timeout: 20.22 seconds
Build info: version: '2.47.1', revision: '411b314', time: '2015-07-30 02:56:46'
System info: host: 'Maulik-PC', ip: '10.20.0.31', os.name: 'Windows 7', os.arch: 'amd64', os.version: '6.1', java.version: '1.7.0_75'
Session ID: f3b8e123-9799-447d-b574-a5f3a8cd5171
Driver info: org.openqa.selenium.firefox.FirefoxDriver
Capabilities [{platform=WINDOWS, acceptSslCerts=true, javascriptEnabled=true, cssSelectorsEnabled=true, databaseEnabled=true, browserName=firefox, handlesAlerts=true, nativeEvents=false, webStorageEnabled=true, rotatable=false, locationContextEnabled=true, applicationCacheEnabled=true, takesScreenshot=true, version=40.0.3}]
	at org.openqa.selenium.remote.ErrorHandler.createThrowable(ErrorHandler.java:206)
	at org.openqa.selenium.remote.ErrorHandler.throwIfResponseFailed(ErrorHandler.java:158)
	at org.openqa.selenium.remote.RemoteWebDriver.execute(RemoteWebDriver.java:595)
	at org.openqa.selenium.remote.RemoteWebElement.execute(RemoteWebElement.java:273)
	at org.openqa.selenium.remote.RemoteWebElement.click(RemoteWebElement.java:84)
	at testcases.TrashTestCase.trashEmail(TrashTestCase.java:39)
Caused by: org.openqa.selenium.ElementNotVisibleException: Element is not currently visible and so may not be interacted with
Build info: version: '2.47.1', revision: '411b314', time: '2015-07-30 02:56:46'
System info: host: 'Maulik-PC', ip: '10.20.0.31', os.name: 'Windows 7', os.arch: 'amd64', os.version: '6.1', java.version: '1.7.0_75'
Driver info: driver.version: unknown
	at <anonymous class>.fxdriver.preconditions.visible(file:///C:/Users/Maulik/AppData/Local/Temp/anonymous6545545655678520430webdriver-profile/extensions/fxdriver@googlecode.com/components/command-processor.js:9982)
	at <anonymous class>.DelayedCommand.prototype.checkPreconditions_(file:///C:/Users/Maulik/AppData/Local/Temp/anonymous6545545655678520430webdriver-profile/extensions/fxdriver@googlecode.com/components/command-processor.js:12626)
	at <anonymous class>.DelayedCommand.prototype.executeInternal_/h(file:///C:/Users/Maulik/AppData/Local/Temp/anonymous6545545655678520430webdriver-profile/extensions/fxdriver@googlecode.com/components/command-processor.js:12643)
	at <anonymous class>.fxdriver.Timer.prototype.setTimeout/<.notify(file:///C:/Users/Maulik/AppData/Local/Temp/anonymous6545545655678520430webdriver-profile/extensions/fxdriver@googlecode.com/components/command-processor.js:623)
... Removed 28 stack frames]]>
    </failure>
  </testcase> <!-- trashEmail -->
</testsuite> <!-- Trash Test -->
